<?xml version="1.0" encoding="UTF-8"?>
<!-- Generated by org.testng.reporters.JUnitReportReporter -->
<testsuite hostname="DESKTOP-U2D6VLC" failures="0" tests="2" name="testNG_concepts.WindowHandling" time="105.557" errors="0" timestamp="31 Dec 2021 11:31:40 GMT">
  <testcase classname="testNG_concepts.WindowHandling" name="multipleWindows" time="48.840"/>
  <testcase classname="testNG_concepts.WindowHandling" name="seperateWindow" time="56.717"/>
</testsuite> <!-- testNG_concepts.WindowHandling -->
