<?xml version="1.0" encoding="UTF-8"?>
<!-- Generated by org.testng.reporters.JUnitReportReporter -->
<testsuite hostname="DESKTOP-U2D6VLC" failures="0" tests="2" name="CalculatorTest" time="0.007" errors="0" timestamp="26 Dec 2021 13:47:24 GMT">
  <testcase classname="CalculatorTest" name="add1Test" time="0.004"/>
  <testcase classname="CalculatorTest" name="subTest" time="0.003"/>
</testsuite> <!-- CalculatorTest -->
