<?xml version="1.0" encoding="UTF-8"?>
<!-- Generated by org.testng.reporters.JUnitReportReporter -->
<testsuite hostname="DESKTOP-U2D6VLC" failures="0" tests="1" name="testNG_concepts.CookiesHandling" time="30.571" errors="0" timestamp="9 Jan 2022 11:48:44 GMT">
  <testcase classname="testNG_concepts.CookiesHandling" name="login" time="30.571"/>
</testsuite> <!-- testNG_concepts.CookiesHandling -->
