<?xml version="1.0" encoding="UTF-8"?>
<!-- Generated by org.testng.reporters.JUnitReportReporter -->
<testsuite hostname="DESKTOP-U2D6VLC" failures="0" tests="2" name="NewTest" time="0.030" errors="0" timestamp="27 Dec 2021 08:04:22 GMT">
  <testcase classname="NewTest" name="a" time="0.025"/>
  <testcase classname="NewTest" name="b" time="0.005"/>
</testsuite> <!-- NewTest -->
