<?xml version="1.0" encoding="UTF-8"?>
<!-- Generated by org.testng.reporters.JUnitReportReporter -->
<testsuite hostname="DESKTOP-U2D6VLC" failures="0" tests="1" name="testNG_concepts.Dropdown" time="22.854" errors="0" timestamp="30 Dec 2021 11:57:55 GMT">
  <testcase classname="testNG_concepts.Dropdown" name="dropdown" time="22.854"/>
</testsuite> <!-- testNG_concepts.Dropdown -->
