<?xml version="1.0" encoding="UTF-8"?>
<!-- Generated by org.testng.reporters.JUnitReportReporter -->
<testsuite hostname="DESKTOP-U2D6VLC" failures="0" tests="5" name="testNG_concepts.Locators" time="108.623" errors="0" timestamp="6 Jan 2022 11:28:28 GMT">
  <testcase classname="testNG_concepts.Locators" name="checkBox" time="35.740"/>
  <testcase classname="testNG_concepts.Locators" name="button" time="12.305"/>
  <testcase classname="testNG_concepts.Locators" name="link" time="20.540"/>
  <testcase classname="testNG_concepts.Locators" name="radioButton" time="29.124"/>
  <testcase classname="testNG_concepts.Locators" name="image" time="10.914"/>
</testsuite> <!-- testNG_concepts.Locators -->
