<?xml version="1.0" encoding="UTF-8"?>
<!-- Generated by org.testng.reporters.JUnitReportReporter -->
<testsuite hostname="DESKTOP-U2D6VLC" failures="0" tests="1" name="testNG_concepts.AlertPopupHandling" time="14.740" errors="0" timestamp="30 Dec 2021 13:35:18 GMT">
  <testcase classname="testNG_concepts.AlertPopupHandling" name="alert" time="14.740"/>
</testsuite> <!-- testNG_concepts.AlertPopupHandling -->
