<?xml version="1.0" encoding="UTF-8"?>
<!-- Generated by org.testng.reporters.JUnitReportReporter -->
<testsuite hostname="DESKTOP-U2D6VLC" failures="0" tests="1" name="CasestudyProject.PhpTravels" time="50.661" errors="0" timestamp="4 Jan 2022 09:41:41 GMT">
  <testcase classname="CasestudyProject.PhpTravels" name="login" time="50.661"/>
</testsuite> <!-- CasestudyProject.PhpTravels -->
