<?xml version="1.0" encoding="UTF-8"?>
<!-- Generated by org.testng.reporters.JUnitReportReporter -->
<testsuite hostname="DESKTOP-U2D6VLC" failures="0" tests="2" name="testNG_concepts.SeleniumBasicCommands" time="27.626" errors="0" timestamp="31 Dec 2021 12:37:28 GMT">
  <testcase classname="testNG_concepts.SeleniumBasicCommands" name="basicCommands" time="14.023"/>
  <testcase classname="testNG_concepts.SeleniumBasicCommands" name="actionsOperations" time="13.603"/>
</testsuite> <!-- testNG_concepts.SeleniumBasicCommands -->
