<?xml version="1.0" encoding="UTF-8"?>
<!-- Generated by org.testng.reporters.JUnitReportReporter -->
<testsuite hostname="DESKTOP-U2D6VLC" failures="0" tests="1" name="testNG_concepts.AlertAssignment" time="95.410" errors="0" timestamp="6 Jan 2022 08:14:09 GMT">
  <testcase classname="testNG_concepts.AlertAssignment" name="alert" time="95.410"/>
</testsuite> <!-- testNG_concepts.AlertAssignment -->
