<?xml version="1.0" encoding="UTF-8"?>
<!-- Generated by org.testng.reporters.JUnitReportReporter -->
<testsuite hostname="DESKTOP-U2D6VLC" failures="0" tests="2" name="testNG_concepts.ListAssginment" time="162.920" errors="0" timestamp="13 Jan 2022 11:13:48 GMT">
  <testcase classname="testNG_concepts.ListAssginment" name="unorderedList" time="85.876"/>
  <testcase classname="testNG_concepts.ListAssginment" name="selectableList" time="77.044"/>
</testsuite> <!-- testNG_concepts.ListAssginment -->
