<?xml version="1.0" encoding="UTF-8"?>
<!-- Generated by org.testng.reporters.JUnitReportReporter -->
<testsuite hostname="DESKTOP-U2D6VLC" failures="0" tests="2" name="testNG_concepts.FrameHandling" time="73.495" errors="0" timestamp="4 Jan 2022 11:14:59 GMT">
  <testcase classname="testNG_concepts.FrameHandling" name="singleFrame" time="22.346"/>
  <testcase classname="testNG_concepts.FrameHandling" name="iFrame" time="51.149"/>
</testsuite> <!-- testNG_concepts.FrameHandling -->
