<?xml version="1.0" encoding="UTF-8"?>
<!-- Generated by org.testng.reporters.JUnitReportReporter -->
<testsuite hostname="DESKTOP-U2D6VLC" failures="0" tests="1" name="testNG_concepts.unorderedList" time="32.888" errors="0" timestamp="31 Dec 2021 13:45:02 GMT">
  <testcase classname="testNG_concepts.unorderedList" name="tabbedWindow" time="32.888"/>
</testsuite> <!-- testNG_concepts.unorderedList -->
