<?xml version="1.0" encoding="UTF-8"?>
<!-- Generated by org.testng.reporters.JUnitReportReporter -->
<testsuite hostname="DESKTOP-U2D6VLC" failures="0" tests="1" name="FileDownloadAndUpload" time="24.494" errors="0" timestamp="9 Jan 2022 11:54:29 GMT">
  <testcase classname="FileDownloadAndUpload" name="alert" time="24.494"/>
</testsuite> <!-- FileDownloadAndUpload -->
