<?xml version="1.0" encoding="UTF-8"?>
<!-- Generated by org.testng.reporters.JUnitReportReporter -->
<testsuite hostname="DESKTOP-U2D6VLC" failures="0" tests="1" name="testNG_concepts.DragDrop" time="20.890" errors="0" timestamp="31 Dec 2021 14:35:22 GMT">
  <testcase classname="testNG_concepts.DragDrop" name="dragDrop" time="20.890"/>
</testsuite> <!-- testNG_concepts.DragDrop -->
