<?xml version="1.0" encoding="UTF-8"?>
<!-- Generated by org.testng.reporters.JUnitReportReporter -->
<testsuite hostname="DESKTOP-U2D6VLC" failures="0" tests="1" name="testNG_concepts.ExcelWriting" time="1.097" errors="0" timestamp="6 Jan 2022 11:05:08 GMT">
  <testcase classname="testNG_concepts.ExcelWriting" name="writeExcel" time="1.097"/>
</testsuite> <!-- testNG_concepts.ExcelWriting -->
