<?xml version="1.0" encoding="UTF-8"?>
<!-- Generated by org.testng.reporters.JUnitReportReporter -->
<testsuite hostname="DESKTOP-U2D6VLC" failures="0" tests="1" name="testNG_concepts.Testing" time="8.129" errors="0" timestamp="8 Jan 2022 11:30:31 GMT">
  <testcase classname="testNG_concepts.Testing" name="login" time="8.129"/>
</testsuite> <!-- testNG_concepts.Testing -->
